{"level":"error","message":"Get users error","meta":{"context":"DEFAULT","MODULE_NAME":"USER_GET","message":"Exceeded memory limit for $group, but didn't allow external sort. Pass allowDiskUse:true to opt in.","stack":"MongoError: Exceeded memory limit for $group, but didn't allow external sort. Pass allowDiskUse:true to opt in.\n    at Connection.<anonymous> (/media/wayne/Work/Work/work2020/scraping/Jose/skinworld-backend/node_modules/mongodb-core/lib/connection/pool.js:443:61)\n    at Connection.emit (events.js:198:13)\n    at Connection.EventEmitter.emit (domain.js:448:20)\n    at processMessage (/media/wayne/Work/Work/work2020/scraping/Jose/skinworld-backend/node_modules/mongodb-core/lib/connection/connection.js:364:10)\n    at Socket.<anonymous> (/media/wayne/Work/Work/work2020/scraping/Jose/skinworld-backend/node_modules/mongodb-core/lib/connection/connection.js:566:15)\n    at Socket.emit (events.js:198:13)\n    at Socket.EventEmitter.emit (domain.js:448:20)\n    at addChunk (_stream_readable.js:288:12)\n    at readableAddChunk (_stream_readable.js:269:11)\n    at Socket.Readable.push (_stream_readable.js:224:10)\n    at TCP.onStreamRead [as onread] (internal/stream_base_commons.js:94:17)","name":"MongoError"}}
{"level":"info","message":"Client disconnected","meta":{"context":"DEFAULT","MODULE_NAME":"SOCKET","client":"VUBXUaDOcBtGShhrAAAA"}}
{"level":"error","message":"Get users error","meta":{"context":"DEFAULT","MODULE_NAME":"USER_GET","message":"Exceeded memory limit for $group, but didn't allow external sort. Pass allowDiskUse:true to opt in.","stack":"MongoError: Exceeded memory limit for $group, but didn't allow external sort. Pass allowDiskUse:true to opt in.\n    at Connection.<anonymous> (/media/wayne/Work/Work/work2020/scraping/Jose/skinworld-backend/node_modules/mongodb-core/lib/connection/pool.js:443:61)\n    at Connection.emit (events.js:198:13)\n    at Connection.EventEmitter.emit (domain.js:448:20)\n    at processMessage (/media/wayne/Work/Work/work2020/scraping/Jose/skinworld-backend/node_modules/mongodb-core/lib/connection/connection.js:364:10)\n    at Socket.<anonymous> (/media/wayne/Work/Work/work2020/scraping/Jose/skinworld-backend/node_modules/mongodb-core/lib/connection/connection.js:566:15)\n    at Socket.emit (events.js:198:13)\n    at Socket.EventEmitter.emit (domain.js:448:20)\n    at addChunk (_stream_readable.js:288:12)\n    at readableAddChunk (_stream_readable.js:269:11)\n    at Socket.Readable.push (_stream_readable.js:224:10)\n    at TCP.onStreamRead [as onread] (internal/stream_base_commons.js:94:17)","name":"MongoError"}}
{"level":"info","message":"Client disconnected","meta":{"context":"DEFAULT","MODULE_NAME":"SOCKET","client":"PdL96laeY_EC8-bEAAAB"}}
{"level":"error","message":"Get users error","meta":{"context":"DEFAULT","MODULE_NAME":"USER_GET","message":"Exceeded memory limit for $group, but didn't allow external sort. Pass allowDiskUse:true to opt in.","stack":"MongoError: Exceeded memory limit for $group, but didn't allow external sort. Pass allowDiskUse:true to opt in.\n    at Connection.<anonymous> (/media/wayne/Work/Work/work2020/scraping/Jose/skinworld-backend/node_modules/mongodb-core/lib/connection/pool.js:443:61)\n    at Connection.emit (events.js:198:13)\n    at Connection.EventEmitter.emit (domain.js:448:20)\n    at processMessage (/media/wayne/Work/Work/work2020/scraping/Jose/skinworld-backend/node_modules/mongodb-core/lib/connection/connection.js:364:10)\n    at Socket.<anonymous> (/media/wayne/Work/Work/work2020/scraping/Jose/skinworld-backend/node_modules/mongodb-core/lib/connection/connection.js:566:15)\n    at Socket.emit (events.js:198:13)\n    at Socket.EventEmitter.emit (domain.js:448:20)\n    at addChunk (_stream_readable.js:288:12)\n    at readableAddChunk (_stream_readable.js:269:11)\n    at Socket.Readable.push (_stream_readable.js:224:10)\n    at TCP.onStreamRead [as onread] (internal/stream_base_commons.js:94:17)","name":"MongoError"}}
{"level":"info","message":"Client disconnected","meta":{"context":"DEFAULT","MODULE_NAME":"SOCKET","client":"GyOkRFaDlPuNdfRTAAAC"}}
{"level":"error","message":"Get users error","meta":{"context":"DEFAULT","MODULE_NAME":"USER_GET","message":"Exceeded memory limit for $group, but didn't allow external sort. Pass allowDiskUse:true to opt in.","stack":"MongoError: Exceeded memory limit for $group, but didn't allow external sort. Pass allowDiskUse:true to opt in.\n    at Connection.<anonymous> (/media/wayne/Work/Work/work2020/scraping/Jose/skinworld-backend/node_modules/mongodb-core/lib/connection/pool.js:443:61)\n    at Connection.emit (events.js:198:13)\n    at Connection.EventEmitter.emit (domain.js:448:20)\n    at processMessage (/media/wayne/Work/Work/work2020/scraping/Jose/skinworld-backend/node_modules/mongodb-core/lib/connection/connection.js:364:10)\n    at Socket.<anonymous> (/media/wayne/Work/Work/work2020/scraping/Jose/skinworld-backend/node_modules/mongodb-core/lib/connection/connection.js:566:15)\n    at Socket.emit (events.js:198:13)\n    at Socket.EventEmitter.emit (domain.js:448:20)\n    at addChunk (_stream_readable.js:288:12)\n    at readableAddChunk (_stream_readable.js:269:11)\n    at Socket.Readable.push (_stream_readable.js:224:10)\n    at TCP.onStreamRead [as onread] (internal/stream_base_commons.js:94:17)","name":"MongoError"}}
{"level":"info","message":"Establishing mongodb connection...","meta":{"context":"DEFAULT"}}
{"level":"info","message":"Socket Server opened at port 8001","meta":{"context":"DEFAULT","MODULE_NAME":"SOCKET"}}
{"level":"info","message":"Server is running on port","meta":{"context":"DEFAULT","port":"8000"}}
{"level":"info","message":"Mongodb connection established","meta":{"context":"DEFAULT"}}
{"level":"info","message":"Establishing mongodb connection...","meta":{"context":"DEFAULT"}}
{"level":"info","message":"Socket Server opened at port 8001","meta":{"context":"DEFAULT","MODULE_NAME":"SOCKET"}}
{"level":"info","message":"Server is running on port","meta":{"context":"DEFAULT","port":"8000"}}
{"level":"info","message":"Mongodb connection established","meta":{"context":"DEFAULT"}}
{"level":"info","message":"Establishing mongodb connection...","meta":{"context":"DEFAULT"}}
{"level":"info","message":"Socket Server opened at port 8001","meta":{"context":"DEFAULT","MODULE_NAME":"SOCKET"}}
{"level":"info","message":"Server is running on port","meta":{"context":"DEFAULT","port":"8000"}}
{"level":"info","message":"Mongodb connection established","meta":{"context":"DEFAULT"}}
{"level":"info","message":"Client disconnected","meta":{"context":"DEFAULT","MODULE_NAME":"SOCKET","client":"XTcSTSeZa5CQh3-DAAAA"}}
{"level":"error","message":"Get users error","meta":{"context":"DEFAULT","MODULE_NAME":"USER_GET","message":"Arguments must be aggregate pipeline operators","stack":"Error: Arguments must be aggregate pipeline operators\n    at Aggregate.append (/media/wayne/Work/Work/work2020/scraping/Jose/skinworld-backend/node_modules/mongoose/lib/aggregate.js:140:11)\n    at new Aggregate (/media/wayne/Work/Work/work2020/scraping/Jose/skinworld-backend/node_modules/mongoose/lib/aggregate.js:54:17)\n    at Function.aggregate (/media/wayne/Work/Work/work2020/scraping/Jose/skinworld-backend/node_modules/mongoose/lib/model.js:3841:21)\n    at Object.getUsers (/media/wayne/Work/Work/work2020/scraping/Jose/skinworld-backend/app/modules/users/get.js:119:27)\n    at router.get (/media/wayne/Work/Work/work2020/scraping/Jose/skinworld-backend/app/routes/users.js:177:37)\n    at Layer.handle [as handle_request] (/media/wayne/Work/Work/work2020/scraping/Jose/skinworld-backend/node_modules/express/lib/router/layer.js:95:5)\n    at next (/media/wayne/Work/Work/work2020/scraping/Jose/skinworld-backend/node_modules/express/lib/router/route.js:137:13)\n    at /media/wayne/Work/Work/work2020/scraping/Jose/skinworld-backend/app/middleware/role-handler.js:17:5\n    at Layer.handle [as handle_request] (/media/wayne/Work/Work/work2020/scraping/Jose/skinworld-backend/node_modules/express/lib/router/layer.js:95:5)\n    at next (/media/wayne/Work/Work/work2020/scraping/Jose/skinworld-backend/node_modules/express/lib/router/route.js:137:13)\n    at verifyToken.then (/media/wayne/Work/Work/work2020/scraping/Jose/skinworld-backend/app/middleware/auth-handler.js:42:7)\n    at process._tickCallback (internal/process/next_tick.js:68:7)","name":"Error"}}
{"level":"info","message":"Establishing mongodb connection...","meta":{"context":"DEFAULT"}}
{"level":"info","message":"Socket Server opened at port 8001","meta":{"context":"DEFAULT","MODULE_NAME":"SOCKET"}}
{"level":"info","message":"Server is running on port","meta":{"context":"DEFAULT","port":"8000"}}
{"level":"info","message":"Mongodb connection established","meta":{"context":"DEFAULT"}}
{"level":"info","message":"Establishing mongodb connection...","meta":{"context":"DEFAULT"}}
{"level":"info","message":"Socket Server opened at port 8001","meta":{"context":"DEFAULT","MODULE_NAME":"SOCKET"}}
{"level":"info","message":"Server is running on port","meta":{"context":"DEFAULT","port":"8000"}}
{"level":"info","message":"Mongodb connection established","meta":{"context":"DEFAULT"}}
{"level":"info","message":"Client disconnected","meta":{"context":"DEFAULT","MODULE_NAME":"SOCKET","client":"mIT15VMb3OClcfX0AAAA"}}
{"level":"error","message":"Get users error","meta":{"context":"DEFAULT","MODULE_NAME":"USER_GET","message":"Arguments must be aggregate pipeline operators","stack":"Error: Arguments must be aggregate pipeline operators\n    at Aggregate.append (/media/wayne/Work/Work/work2020/scraping/Jose/skinworld-backend/node_modules/mongoose/lib/aggregate.js:140:11)\n    at new Aggregate (/media/wayne/Work/Work/work2020/scraping/Jose/skinworld-backend/node_modules/mongoose/lib/aggregate.js:54:17)\n    at Function.aggregate (/media/wayne/Work/Work/work2020/scraping/Jose/skinworld-backend/node_modules/mongoose/lib/model.js:3841:21)\n    at Object.getUsers (/media/wayne/Work/Work/work2020/scraping/Jose/skinworld-backend/app/modules/users/get.js:119:27)\n    at router.get (/media/wayne/Work/Work/work2020/scraping/Jose/skinworld-backend/app/routes/users.js:177:37)\n    at Layer.handle [as handle_request] (/media/wayne/Work/Work/work2020/scraping/Jose/skinworld-backend/node_modules/express/lib/router/layer.js:95:5)\n    at next (/media/wayne/Work/Work/work2020/scraping/Jose/skinworld-backend/node_modules/express/lib/router/route.js:137:13)\n    at /media/wayne/Work/Work/work2020/scraping/Jose/skinworld-backend/app/middleware/role-handler.js:17:5\n    at Layer.handle [as handle_request] (/media/wayne/Work/Work/work2020/scraping/Jose/skinworld-backend/node_modules/express/lib/router/layer.js:95:5)\n    at next (/media/wayne/Work/Work/work2020/scraping/Jose/skinworld-backend/node_modules/express/lib/router/route.js:137:13)\n    at verifyToken.then (/media/wayne/Work/Work/work2020/scraping/Jose/skinworld-backend/app/middleware/auth-handler.js:42:7)\n    at process._tickCallback (internal/process/next_tick.js:68:7)","name":"Error"}}
{"level":"info","message":"Establishing mongodb connection...","meta":{"context":"DEFAULT"}}
{"level":"info","message":"Socket Server opened at port 8001","meta":{"context":"DEFAULT","MODULE_NAME":"SOCKET"}}
{"level":"info","message":"Server is running on port","meta":{"context":"DEFAULT","port":"8000"}}
{"level":"info","message":"Mongodb connection established","meta":{"context":"DEFAULT"}}
{"level":"error","message":"Get users error","meta":{"context":"DEFAULT","MODULE_NAME":"USER_GET","message":"_query.push(...).allowDiskUse is not a function","stack":"TypeError: _query.push(...).allowDiskUse is not a function\n    at Object.getUsers (/media/wayne/Work/Work/work2020/scraping/Jose/skinworld-backend/app/modules/users/get.js:116:7)\n    at router.get (/media/wayne/Work/Work/work2020/scraping/Jose/skinworld-backend/app/routes/users.js:177:37)\n    at Layer.handle [as handle_request] (/media/wayne/Work/Work/work2020/scraping/Jose/skinworld-backend/node_modules/express/lib/router/layer.js:95:5)\n    at next (/media/wayne/Work/Work/work2020/scraping/Jose/skinworld-backend/node_modules/express/lib/router/route.js:137:13)\n    at /media/wayne/Work/Work/work2020/scraping/Jose/skinworld-backend/app/middleware/role-handler.js:17:5\n    at Layer.handle [as handle_request] (/media/wayne/Work/Work/work2020/scraping/Jose/skinworld-backend/node_modules/express/lib/router/layer.js:95:5)\n    at next (/media/wayne/Work/Work/work2020/scraping/Jose/skinworld-backend/node_modules/express/lib/router/route.js:137:13)\n    at verifyToken.then (/media/wayne/Work/Work/work2020/scraping/Jose/skinworld-backend/app/middleware/auth-handler.js:42:7)\n    at process._tickCallback (internal/process/next_tick.js:68:7)","name":"TypeError"}}
{"level":"info","message":"Establishing mongodb connection...","meta":{"context":"DEFAULT"}}
{"level":"info","message":"Socket Server opened at port 8001","meta":{"context":"DEFAULT","MODULE_NAME":"SOCKET"}}
{"level":"info","message":"Server is running on port","meta":{"context":"DEFAULT","port":"8000"}}
{"level":"info","message":"Mongodb connection established","meta":{"context":"DEFAULT"}}
{"level":"info","message":"Client disconnected","meta":{"context":"DEFAULT","MODULE_NAME":"SOCKET","client":"qId_-jdEUFKzbZfQAAAA"}}
{"level":"info","message":"Establishing mongodb connection...","meta":{"context":"DEFAULT"}}
{"level":"info","message":"Socket Server opened at port 8001","meta":{"context":"DEFAULT","MODULE_NAME":"SOCKET"}}
{"level":"info","message":"Server is running on port","meta":{"context":"DEFAULT","port":"8000"}}
{"level":"info","message":"Mongodb connection established","meta":{"context":"DEFAULT"}}
{"level":"info","message":"Client disconnected","meta":{"context":"DEFAULT","MODULE_NAME":"SOCKET","client":"WdxYXqR18j5rlafMAAAA"}}
{"level":"error","message":"Get users error","meta":{"context":"DEFAULT","MODULE_NAME":"USER_GET","message":"Exceeded memory limit for $group, but didn't allow external sort. Pass allowDiskUse:true to opt in.","stack":"MongoError: Exceeded memory limit for $group, but didn't allow external sort. Pass allowDiskUse:true to opt in.\n    at Connection.<anonymous> (/media/wayne/Work/Work/work2020/scraping/Jose/skinworld-backend/node_modules/mongodb-core/lib/connection/pool.js:443:61)\n    at Connection.emit (events.js:198:13)\n    at Connection.EventEmitter.emit (domain.js:448:20)\n    at processMessage (/media/wayne/Work/Work/work2020/scraping/Jose/skinworld-backend/node_modules/mongodb-core/lib/connection/connection.js:364:10)\n    at Socket.<anonymous> (/media/wayne/Work/Work/work2020/scraping/Jose/skinworld-backend/node_modules/mongodb-core/lib/connection/connection.js:533:15)\n    at Socket.emit (events.js:198:13)\n    at Socket.EventEmitter.emit (domain.js:448:20)\n    at addChunk (_stream_readable.js:288:12)\n    at readableAddChunk (_stream_readable.js:269:11)\n    at Socket.Readable.push (_stream_readable.js:224:10)\n    at TCP.onStreamRead [as onread] (internal/stream_base_commons.js:94:17)","name":"MongoError"}}
{"level":"info","message":"Establishing mongodb connection...","meta":{"context":"DEFAULT"}}
{"level":"info","message":"Socket Server opened at port 8001","meta":{"context":"DEFAULT","MODULE_NAME":"SOCKET"}}
{"level":"info","message":"Server is running on port","meta":{"context":"DEFAULT","port":"8000"}}
{"level":"info","message":"Client disconnected","meta":{"context":"DEFAULT","MODULE_NAME":"SOCKET","client":"Lh_qoHbW5oX1tlljAAAA"}}
{"level":"info","message":"Mongodb connection established","meta":{"context":"DEFAULT"}}
{"level":"info","message":"Establishing mongodb connection...","meta":{"context":"DEFAULT"}}
{"level":"info","message":"Socket Server opened at port 8001","meta":{"context":"DEFAULT","MODULE_NAME":"SOCKET"}}
{"level":"info","message":"Server is running on port","meta":{"context":"DEFAULT","port":"8000"}}
{"level":"info","message":"Mongodb connection established","meta":{"context":"DEFAULT"}}
{"level":"info","message":"Establishing mongodb connection...","meta":{"context":"DEFAULT"}}
{"level":"info","message":"Socket Server opened at port 8001","meta":{"context":"DEFAULT","MODULE_NAME":"SOCKET"}}
{"level":"info","message":"Server is running on port","meta":{"context":"DEFAULT","port":"8000"}}
{"level":"info","message":"Mongodb connection established","meta":{"context":"DEFAULT"}}
{"level":"info","message":"Establishing mongodb connection...","meta":{"context":"DEFAULT"}}
{"level":"info","message":"Socket Server opened at port 8001","meta":{"context":"DEFAULT","MODULE_NAME":"SOCKET"}}
{"level":"info","message":"Server is running on port","meta":{"context":"DEFAULT","port":"8000"}}
{"level":"info","message":"Mongodb connection established","meta":{"context":"DEFAULT"}}
{"level":"info","message":"Establishing mongodb connection...","meta":{"context":"DEFAULT"}}
{"level":"info","message":"Socket Server opened at port 8001","meta":{"context":"DEFAULT","MODULE_NAME":"SOCKET"}}
{"level":"info","message":"Server is running on port","meta":{"context":"DEFAULT","port":"8000"}}
{"level":"info","message":"Establishing mongodb connection...","meta":{"context":"DEFAULT"}}
{"level":"info","message":"Socket Server opened at port 8001","meta":{"context":"DEFAULT","MODULE_NAME":"SOCKET"}}
{"level":"info","message":"Server is running on port","meta":{"context":"DEFAULT","port":"8000"}}
{"level":"info","message":"Mongodb connection established","meta":{"context":"DEFAULT"}}
{"level":"info","message":"Establishing mongodb connection...","meta":{"context":"DEFAULT"}}
{"level":"info","message":"Socket Server opened at port 8001","meta":{"context":"DEFAULT","MODULE_NAME":"SOCKET"}}
{"level":"info","message":"Server is running on port","meta":{"context":"DEFAULT","port":"8000"}}
{"level":"info","message":"Mongodb connection established","meta":{"context":"DEFAULT"}}
{"level":"info","message":"Establishing mongodb connection...","meta":{"context":"DEFAULT"}}
{"level":"info","message":"Socket Server opened at port 8001","meta":{"context":"DEFAULT","MODULE_NAME":"SOCKET"}}
{"level":"info","message":"Server is running on port","meta":{"context":"DEFAULT","port":"8000"}}
{"level":"info","message":"Mongodb connection established","meta":{"context":"DEFAULT"}}
{"level":"info","message":"Establishing mongodb connection...","meta":{"context":"DEFAULT"}}
{"level":"info","message":"Socket Server opened at port 8001","meta":{"context":"DEFAULT","MODULE_NAME":"SOCKET"}}
{"level":"info","message":"Server is running on port","meta":{"context":"DEFAULT","port":"8000"}}
{"level":"info","message":"Mongodb connection established","meta":{"context":"DEFAULT"}}
{"level":"info","message":"Establishing mongodb connection...","meta":{"context":"DEFAULT"}}
{"level":"info","message":"Socket Server opened at port 8001","meta":{"context":"DEFAULT","MODULE_NAME":"SOCKET"}}
{"level":"info","message":"Server is running on port","meta":{"context":"DEFAULT","port":"8000"}}
{"level":"info","message":"Mongodb connection established","meta":{"context":"DEFAULT"}}
{"level":"info","message":"Establishing mongodb connection...","meta":{"context":"DEFAULT"}}
{"level":"info","message":"Socket Server opened at port 8001","meta":{"context":"DEFAULT","MODULE_NAME":"SOCKET"}}
{"level":"info","message":"Server is running on port","meta":{"context":"DEFAULT","port":"8000"}}
{"level":"info","message":"Mongodb connection established","meta":{"context":"DEFAULT"}}
{"level":"info","message":"Client disconnected","meta":{"context":"DEFAULT","MODULE_NAME":"SOCKET","client":"I4MEkznxAZR33NYaAAAA"}}
{"level":"info","message":"Client disconnected","meta":{"context":"DEFAULT","MODULE_NAME":"SOCKET","client":"6xMbolT97lSnicpiAAAB"}}
