{"level":"info","message":"Establishing mongodb connection...","meta":{"context":"DEFAULT"}}
{"level":"info","message":"Socket Server opened at port 8001","meta":{"context":"DEFAULT","MODULE_NAME":"SOCKET"}}
{"level":"info","message":"Server is running on port","meta":{"context":"DEFAULT","port":"8000"}}
{"level":"info","message":"Steam logged on","meta":{"context":"DEFAULT","MODULE_NAME":"STEAM","details":{"client_supplied_steamid":"76561198812985971","ip_country_code":"US"}}}
{"level":"info","message":"Logged in steam account","meta":{"context":"DEFAULT","steamId":{"universe":1,"type":1,"instance":1,"accountid":852720243},"MODULE_NAME":"STEAM"}}
{"level":"error","message":"Mongodb connection error = Error: querySrv ETIMEOUT _mongodb._tcp.cluster0-o5jum.mongodb.net","meta":{"context":"DEFAULT"}}
{"level":"info","message":"Web Session started","meta":{"context":"DEFAULT","MODULE_NAME":"STEAM"}}
{"level":"info","message":"Establishing mongodb connection...","meta":{"context":"DEFAULT"}}
{"level":"info","message":"Socket Server opened at port 8001","meta":{"context":"DEFAULT","MODULE_NAME":"SOCKET"}}
{"level":"info","message":"Server is running on port","meta":{"context":"DEFAULT","port":"8000"}}
{"level":"info","message":"Steam logged on","meta":{"context":"DEFAULT","MODULE_NAME":"STEAM","details":{"client_supplied_steamid":"76561198812985971","ip_country_code":"US"}}}
{"level":"info","message":"Logged in steam account","meta":{"context":"DEFAULT","steamId":{"universe":1,"type":1,"instance":1,"accountid":852720243},"MODULE_NAME":"STEAM"}}
{"level":"error","message":"Mongodb connection error = MongoNetworkError: failed to connect to server [localhost:27017] on first connect [MongoNetworkError: connection timed out]","meta":{"context":"DEFAULT"}}
{"level":"error","message":"Internal Server Error","meta":{"context":"DEFAULT","exitCode":"SIGINT"}}
{"level":"info","message":"Establishing mongodb connection...","meta":{"context":"DEFAULT"}}
{"level":"info","message":"Socket Server opened at port 8001","meta":{"context":"DEFAULT","MODULE_NAME":"SOCKET"}}
{"level":"info","message":"Server is running on port","meta":{"context":"DEFAULT","port":"8000"}}
{"level":"info","message":"Steam logged on","meta":{"context":"DEFAULT","MODULE_NAME":"STEAM","details":{"client_supplied_steamid":"76561198812985971","ip_country_code":"US"}}}
{"level":"info","message":"Logged in steam account","meta":{"context":"DEFAULT","steamId":{"universe":1,"type":1,"instance":1,"accountid":852720243},"MODULE_NAME":"STEAM"}}
{"level":"error","message":"Mongodb connection error = MongoNetworkError: failed to connect to server [localhost:27017] on first connect [MongoNetworkError: connection timed out]","meta":{"context":"DEFAULT"}}
{"level":"info","message":"Establishing mongodb connection...","meta":{"context":"DEFAULT"}}
{"level":"info","message":"Socket Server opened at port 8001","meta":{"context":"DEFAULT","MODULE_NAME":"SOCKET"}}
{"level":"info","message":"Server is running on port","meta":{"context":"DEFAULT","port":"8000"}}
{"level":"info","message":"Mongodb connection established","meta":{"context":"DEFAULT"}}
{"level":"info","message":"Steam logged on","meta":{"context":"DEFAULT","MODULE_NAME":"STEAM","details":{"client_supplied_steamid":"76561198812985971","ip_country_code":"US"}}}
{"level":"info","message":"Logged in steam account","meta":{"context":"DEFAULT","steamId":{"universe":1,"type":1,"instance":1,"accountid":852720243},"MODULE_NAME":"STEAM"}}
{"level":"info","message":"Amazon image sync","meta":{"context":"DEFAULT","itemId":"5d59bdb921404503232c7cd8","MODULE_NAME":"AMAZON"}}
{"level":"error","message":"Image magick remove background","meta":{"context":"DEFAULT","MODULE_NAME":"AMAZON","message":"Error: options.uri is a required argument","stack":"RequestError: Error: options.uri is a required argument\n    at new RequestError (/media/wayne/Work/Work/work2020/scraping/Jose/skinworld-backend/node_modules/request-promise-core/lib/errors.js:14:15)\n    at Request.plumbing.callback (/media/wayne/Work/Work/work2020/scraping/Jose/skinworld-backend/node_modules/request-promise-core/lib/plumbing.js:87:29)\n    at Request.RP$callback [as _callback] (/media/wayne/Work/Work/work2020/scraping/Jose/skinworld-backend/node_modules/request-promise-core/lib/plumbing.js:46:31)\n    at self.callback (/media/wayne/Work/Work/work2020/scraping/Jose/skinworld-backend/node_modules/request/request.js:185:22)\n    at Request.emit (events.js:198:13)\n    at Request.EventEmitter.emit (domain.js:448:20)\n    at Request.init (/media/wayne/Work/Work/work2020/scraping/Jose/skinworld-backend/node_modules/request/request.js:231:17)\n    at Request.RP$initInterceptor [as init] (/media/wayne/Work/Work/work2020/scraping/Jose/skinworld-backend/node_modules/request-promise-core/configure/request2.js:45:29)\n    at new Request (/media/wayne/Work/Work/work2020/scraping/Jose/skinworld-backend/node_modules/request/request.js:127:8)\n    at request (/media/wayne/Work/Work/work2020/scraping/Jose/skinworld-backend/node_modules/request/index.js:53:10)\n    at Object.removeBackgroundAndUpload (/media/wayne/Work/Work/work2020/scraping/Jose/skinworld-backend/app/modules/image.js:7:25)\n    at Object.updateMainCache [as syncAmazonMain] (/media/wayne/Work/Work/work2020/scraping/Jose/skinworld-backend/app/modules/trade-providers/amazon.js:87:49)\n    at process._tickCallback (internal/process/next_tick.js:68:7)","name":"RequestError"}}
{"level":"error","message":"Image magick remove background","meta":{"context":"DEFAULT","MODULE_NAME":"AMAZON","message":"Error: options.uri is a required argument","stack":"RequestError: Error: options.uri is a required argument\n    at new RequestError (/media/wayne/Work/Work/work2020/scraping/Jose/skinworld-backend/node_modules/request-promise-core/lib/errors.js:14:15)\n    at Request.plumbing.callback (/media/wayne/Work/Work/work2020/scraping/Jose/skinworld-backend/node_modules/request-promise-core/lib/plumbing.js:87:29)\n    at Request.RP$callback [as _callback] (/media/wayne/Work/Work/work2020/scraping/Jose/skinworld-backend/node_modules/request-promise-core/lib/plumbing.js:46:31)\n    at self.callback (/media/wayne/Work/Work/work2020/scraping/Jose/skinworld-backend/node_modules/request/request.js:185:22)\n    at Request.emit (events.js:198:13)\n    at Request.EventEmitter.emit (domain.js:448:20)\n    at Request.init (/media/wayne/Work/Work/work2020/scraping/Jose/skinworld-backend/node_modules/request/request.js:231:17)\n    at Request.RP$initInterceptor [as init] (/media/wayne/Work/Work/work2020/scraping/Jose/skinworld-backend/node_modules/request-promise-core/configure/request2.js:45:29)\n    at new Request (/media/wayne/Work/Work/work2020/scraping/Jose/skinworld-backend/node_modules/request/request.js:127:8)\n    at request (/media/wayne/Work/Work/work2020/scraping/Jose/skinworld-backend/node_modules/request/index.js:53:10)\n    at Object.removeBackgroundAndUpload (/media/wayne/Work/Work/work2020/scraping/Jose/skinworld-backend/app/modules/image.js:7:25)\n    at Object.updateMainCache [as syncAmazonMain] (/media/wayne/Work/Work/work2020/scraping/Jose/skinworld-backend/app/modules/trade-providers/amazon.js:103:58)\n    at process._tickCallback (internal/process/next_tick.js:68:7)","name":"RequestError"}}
{"level":"info","message":"Web Session started","meta":{"context":"DEFAULT","MODULE_NAME":"STEAM"}}
{"level":"info","message":"Establishing mongodb connection...","meta":{"context":"DEFAULT"}}
{"level":"info","message":"Socket Server opened at port 8001","meta":{"context":"DEFAULT","MODULE_NAME":"SOCKET"}}
{"level":"info","message":"Server is running on port","meta":{"context":"DEFAULT","port":"8000"}}
{"level":"info","message":"Steam logged on","meta":{"context":"DEFAULT","MODULE_NAME":"STEAM","details":{"client_supplied_steamid":"76561198812985971","ip_country_code":"US"}}}
{"level":"info","message":"Logged in steam account","meta":{"context":"DEFAULT","steamId":{"universe":1,"type":1,"instance":1,"accountid":852720243},"MODULE_NAME":"STEAM"}}
{"level":"info","message":"Establishing mongodb connection...","meta":{"context":"DEFAULT"}}
{"level":"info","message":"Socket Server opened at port 8001","meta":{"context":"DEFAULT","MODULE_NAME":"SOCKET"}}
{"level":"info","message":"Server is running on port","meta":{"context":"DEFAULT","port":"8000"}}
{"level":"info","message":"Steam logged on","meta":{"context":"DEFAULT","MODULE_NAME":"STEAM","details":{"client_supplied_steamid":"76561198812985971","ip_country_code":"US"}}}
{"level":"info","message":"Logged in steam account","meta":{"context":"DEFAULT","steamId":{"universe":1,"type":1,"instance":1,"accountid":852720243},"MODULE_NAME":"STEAM"}}
{"level":"error","message":"Mongodb connection error = MongoNetworkError: failed to connect to server [localhost:27017] on first connect [MongoNetworkError: connection timed out]","meta":{"context":"DEFAULT"}}
{"level":"error","message":"Internal Server Error","meta":{"context":"DEFAULT","exitCode":"SIGINT"}}
{"level":"info","message":"Establishing mongodb connection...","meta":{"context":"DEFAULT"}}
{"level":"info","message":"Socket Server opened at port 8001","meta":{"context":"DEFAULT","MODULE_NAME":"SOCKET"}}
{"level":"info","message":"Server is running on port","meta":{"context":"DEFAULT","port":"8000"}}
{"level":"info","message":"Steam logged on","meta":{"context":"DEFAULT","MODULE_NAME":"STEAM","details":{"client_supplied_steamid":"76561198812985971","ip_country_code":"US"}}}
{"level":"info","message":"Logged in steam account","meta":{"context":"DEFAULT","steamId":{"universe":1,"type":1,"instance":1,"accountid":852720243},"MODULE_NAME":"STEAM"}}
{"level":"error","message":"Mongodb connection error = MongoNetworkError: failed to connect to server [localhost:27017] on first connect [MongoNetworkError: connection timed out]","meta":{"context":"DEFAULT"}}
{"level":"info","message":"Establishing mongodb connection...","meta":{"context":"DEFAULT"}}
{"level":"info","message":"Socket Server opened at port 8001","meta":{"context":"DEFAULT","MODULE_NAME":"SOCKET"}}
{"level":"info","message":"Server is running on port","meta":{"context":"DEFAULT","port":"8000"}}
{"level":"info","message":"Mongodb connection established","meta":{"context":"DEFAULT"}}
{"level":"info","message":"Steam logged on","meta":{"context":"DEFAULT","MODULE_NAME":"STEAM","details":{"client_supplied_steamid":"76561198812985971","ip_country_code":"US"}}}
{"level":"info","message":"Logged in steam account","meta":{"context":"DEFAULT","steamId":{"universe":1,"type":1,"instance":1,"accountid":852720243},"MODULE_NAME":"STEAM"}}
{"level":"info","message":"Amazon image sync","meta":{"context":"DEFAULT","itemId":"5d59bdb921404503232c7cd8","MODULE_NAME":"AMAZON"}}
{"level":"error","message":"Image magick remove background","meta":{"context":"DEFAULT","MODULE_NAME":"AMAZON","message":"Error: options.uri is a required argument","stack":"RequestError: Error: options.uri is a required argument\n    at new RequestError (/media/wayne/Work/Work/work2020/scraping/Jose/skinworld-backend/node_modules/request-promise-core/lib/errors.js:14:15)\n    at Request.plumbing.callback (/media/wayne/Work/Work/work2020/scraping/Jose/skinworld-backend/node_modules/request-promise-core/lib/plumbing.js:87:29)\n    at Request.RP$callback [as _callback] (/media/wayne/Work/Work/work2020/scraping/Jose/skinworld-backend/node_modules/request-promise-core/lib/plumbing.js:46:31)\n    at self.callback (/media/wayne/Work/Work/work2020/scraping/Jose/skinworld-backend/node_modules/request/request.js:185:22)\n    at Request.emit (events.js:198:13)\n    at Request.EventEmitter.emit (domain.js:448:20)\n    at Request.init (/media/wayne/Work/Work/work2020/scraping/Jose/skinworld-backend/node_modules/request/request.js:231:17)\n    at Request.RP$initInterceptor [as init] (/media/wayne/Work/Work/work2020/scraping/Jose/skinworld-backend/node_modules/request-promise-core/configure/request2.js:45:29)\n    at new Request (/media/wayne/Work/Work/work2020/scraping/Jose/skinworld-backend/node_modules/request/request.js:127:8)\n    at request (/media/wayne/Work/Work/work2020/scraping/Jose/skinworld-backend/node_modules/request/index.js:53:10)\n    at Object.removeBackgroundAndUpload (/media/wayne/Work/Work/work2020/scraping/Jose/skinworld-backend/app/modules/image.js:7:25)\n    at Object.updateMainCache [as syncAmazonMain] (/media/wayne/Work/Work/work2020/scraping/Jose/skinworld-backend/app/modules/trade-providers/amazon.js:87:49)\n    at process._tickCallback (internal/process/next_tick.js:68:7)","name":"RequestError"}}
{"level":"error","message":"Image magick remove background","meta":{"context":"DEFAULT","MODULE_NAME":"AMAZON","message":"Error: options.uri is a required argument","stack":"RequestError: Error: options.uri is a required argument\n    at new RequestError (/media/wayne/Work/Work/work2020/scraping/Jose/skinworld-backend/node_modules/request-promise-core/lib/errors.js:14:15)\n    at Request.plumbing.callback (/media/wayne/Work/Work/work2020/scraping/Jose/skinworld-backend/node_modules/request-promise-core/lib/plumbing.js:87:29)\n    at Request.RP$callback [as _callback] (/media/wayne/Work/Work/work2020/scraping/Jose/skinworld-backend/node_modules/request-promise-core/lib/plumbing.js:46:31)\n    at self.callback (/media/wayne/Work/Work/work2020/scraping/Jose/skinworld-backend/node_modules/request/request.js:185:22)\n    at Request.emit (events.js:198:13)\n    at Request.EventEmitter.emit (domain.js:448:20)\n    at Request.init (/media/wayne/Work/Work/work2020/scraping/Jose/skinworld-backend/node_modules/request/request.js:231:17)\n    at Request.RP$initInterceptor [as init] (/media/wayne/Work/Work/work2020/scraping/Jose/skinworld-backend/node_modules/request-promise-core/configure/request2.js:45:29)\n    at new Request (/media/wayne/Work/Work/work2020/scraping/Jose/skinworld-backend/node_modules/request/request.js:127:8)\n    at request (/media/wayne/Work/Work/work2020/scraping/Jose/skinworld-backend/node_modules/request/index.js:53:10)\n    at Object.removeBackgroundAndUpload (/media/wayne/Work/Work/work2020/scraping/Jose/skinworld-backend/app/modules/image.js:7:25)\n    at Object.updateMainCache [as syncAmazonMain] (/media/wayne/Work/Work/work2020/scraping/Jose/skinworld-backend/app/modules/trade-providers/amazon.js:103:58)\n    at process._tickCallback (internal/process/next_tick.js:68:7)","name":"RequestError"}}
{"level":"info","message":"Web Session started","meta":{"context":"DEFAULT","MODULE_NAME":"STEAM"}}
{"level":"info","message":"Establishing mongodb connection...","meta":{"context":"DEFAULT"}}
{"level":"info","message":"Socket Server opened at port 8001","meta":{"context":"DEFAULT","MODULE_NAME":"SOCKET"}}
{"level":"info","message":"Server is running on port","meta":{"context":"DEFAULT","port":"8000"}}
{"level":"info","message":"Mongodb connection established","meta":{"context":"DEFAULT"}}
{"level":"info","message":"Steam logged on","meta":{"context":"DEFAULT","MODULE_NAME":"STEAM","details":{"client_supplied_steamid":"76561198812985971","ip_country_code":"US"}}}
{"level":"info","message":"Logged in steam account","meta":{"context":"DEFAULT","steamId":{"universe":1,"type":1,"instance":1,"accountid":852720243},"MODULE_NAME":"STEAM"}}
{"level":"info","message":"Web Session started","meta":{"context":"DEFAULT","MODULE_NAME":"STEAM"}}
