{"level":"info","message":"Establishing mongodb connection...","meta":{"context":"DEFAULT"}}
{"level":"info","message":"Socket Server opened at port 8001","meta":{"context":"DEFAULT","MODULE_NAME":"SOCKET"}}
{"level":"info","message":"Server is running on port","meta":{"context":"DEFAULT","port":"8000"}}
{"level":"info","message":"Steam logged on","meta":{"context":"DEFAULT","MODULE_NAME":"STEAM","details":{"client_supplied_steamid":"76561198812985971","ip_country_code":"US"}}}
{"level":"info","message":"Logged in steam account","meta":{"context":"DEFAULT","steamId":{"universe":1,"type":1,"instance":1,"accountid":852720243},"MODULE_NAME":"STEAM"}}
{"level":"error","message":"Mongodb connection error = MongoNetworkError: failed to connect to server [cluster0-shard-00-00-o5jum.mongodb.net:27017] on first connect [MongoNetworkError: connection 4 to cluster0-shard-00-00-o5jum.mongodb.net:27017 closed]","meta":{"context":"DEFAULT"}}
{"level":"info","message":"Web Session started","meta":{"context":"DEFAULT","MODULE_NAME":"STEAM"}}
{"level":"info","message":"Establishing mongodb connection...","meta":{"context":"DEFAULT"}}
{"level":"info","message":"Socket Server opened at port 8001","meta":{"context":"DEFAULT","MODULE_NAME":"SOCKET"}}
{"level":"info","message":"Server is running on port","meta":{"context":"DEFAULT","port":"8000"}}
{"level":"info","message":"Establishing mongodb connection...","meta":{"context":"DEFAULT"}}
{"level":"info","message":"Socket Server opened at port 8001","meta":{"context":"DEFAULT","MODULE_NAME":"SOCKET"}}
{"level":"info","message":"Server is running on port","meta":{"context":"DEFAULT","port":"8000"}}
{"level":"info","message":"Steam logged on","meta":{"context":"DEFAULT","MODULE_NAME":"STEAM","details":{"client_supplied_steamid":"76561198812985971","ip_country_code":"US"}}}
{"level":"info","message":"Logged in steam account","meta":{"context":"DEFAULT","steamId":{"universe":1,"type":1,"instance":1,"accountid":852720243},"MODULE_NAME":"STEAM"}}
{"level":"info","message":"Web Session started","meta":{"context":"DEFAULT","MODULE_NAME":"STEAM"}}
{"level":"error","message":"Mongodb connection error = MongoNetworkError: failed to connect to server [cluster0-shard-00-00-o5jum.mongodb.net:27017] on first connect [MongoNetworkError: connection 5 to cluster0-shard-00-00-o5jum.mongodb.net:27017 closed]","meta":{"context":"DEFAULT"}}
{"level":"info","message":"Establishing mongodb connection...","meta":{"context":"DEFAULT"}}
{"level":"info","message":"Socket Server opened at port 8001","meta":{"context":"DEFAULT","MODULE_NAME":"SOCKET"}}
{"level":"info","message":"Server is running on port","meta":{"context":"DEFAULT","port":"8000"}}
{"level":"info","message":"Steam logged on","meta":{"context":"DEFAULT","MODULE_NAME":"STEAM","details":{"client_supplied_steamid":"76561198812985971","ip_country_code":"US"}}}
{"level":"info","message":"Logged in steam account","meta":{"context":"DEFAULT","steamId":{"universe":1,"type":1,"instance":1,"accountid":852720243},"MODULE_NAME":"STEAM"}}
{"level":"info","message":"Web Session started","meta":{"context":"DEFAULT","MODULE_NAME":"STEAM"}}
{"level":"error","message":"Mongodb connection error = MongoNetworkError: failed to connect to server [cluster0-shard-00-02-o5jum.mongodb.net:27017] on first connect [MongoNetworkError: connection 3 to cluster0-shard-00-02-o5jum.mongodb.net:27017 closed]","meta":{"context":"DEFAULT"}}
{"level":"info","message":"Establishing mongodb connection...","meta":{"context":"DEFAULT"}}
{"level":"info","message":"Socket Server opened at port 8001","meta":{"context":"DEFAULT","MODULE_NAME":"SOCKET"}}
{"level":"info","message":"Server is running on port","meta":{"context":"DEFAULT","port":"8000"}}
{"level":"info","message":"Steam logged on","meta":{"context":"DEFAULT","MODULE_NAME":"STEAM","details":{"client_supplied_steamid":"76561198812985971","ip_country_code":"US"}}}
{"level":"info","message":"Logged in steam account","meta":{"context":"DEFAULT","steamId":{"universe":1,"type":1,"instance":1,"accountid":852720243},"MODULE_NAME":"STEAM"}}
{"level":"info","message":"Establishing mongodb connection...","meta":{"context":"DEFAULT"}}
{"level":"info","message":"Socket Server opened at port 8001","meta":{"context":"DEFAULT","MODULE_NAME":"SOCKET"}}
{"level":"info","message":"Server is running on port","meta":{"context":"DEFAULT","port":"8000"}}
{"level":"info","message":"Steam logged on","meta":{"context":"DEFAULT","MODULE_NAME":"STEAM","details":{"client_supplied_steamid":"76561198812985971","ip_country_code":"US"}}}
{"level":"info","message":"Logged in steam account","meta":{"context":"DEFAULT","steamId":{"universe":1,"type":1,"instance":1,"accountid":852720243},"MODULE_NAME":"STEAM"}}
{"level":"info","message":"Establishing mongodb connection...","meta":{"context":"DEFAULT"}}
{"level":"info","message":"Socket Server opened at port 8001","meta":{"context":"DEFAULT","MODULE_NAME":"SOCKET"}}
{"level":"info","message":"Server is running on port","meta":{"context":"DEFAULT","port":"8000"}}
{"level":"info","message":"Steam logged on","meta":{"context":"DEFAULT","MODULE_NAME":"STEAM","details":{"client_supplied_steamid":"76561198812985971","ip_country_code":"US"}}}
{"level":"info","message":"Logged in steam account","meta":{"context":"DEFAULT","steamId":{"universe":1,"type":1,"instance":1,"accountid":852720243},"MODULE_NAME":"STEAM"}}
{"level":"info","message":"Web Session started","meta":{"context":"DEFAULT","MODULE_NAME":"STEAM"}}
{"level":"info","message":"Establishing mongodb connection...","meta":{"context":"DEFAULT"}}
{"level":"info","message":"Socket Server opened at port 8001","meta":{"context":"DEFAULT","MODULE_NAME":"SOCKET"}}
{"level":"info","message":"Server is running on port","meta":{"context":"DEFAULT","port":"8000"}}
{"level":"info","message":"Steam logged on","meta":{"context":"DEFAULT","MODULE_NAME":"STEAM","details":{"client_supplied_steamid":"76561198812985971","ip_country_code":"US"}}}
{"level":"info","message":"Logged in steam account","meta":{"context":"DEFAULT","steamId":{"universe":1,"type":1,"instance":1,"accountid":852720243},"MODULE_NAME":"STEAM"}}
{"level":"info","message":"Web Session started","meta":{"context":"DEFAULT","MODULE_NAME":"STEAM"}}
{"level":"error","message":"Mongodb connection error = MongoNetworkError: failed to connect to server [cluster0-shard-00-02-o5jum.mongodb.net:27017] on first connect [MongoNetworkError: connection 2 to cluster0-shard-00-02-o5jum.mongodb.net:27017 closed]","meta":{"context":"DEFAULT"}}
{"level":"info","message":"Establishing mongodb connection...","meta":{"context":"DEFAULT"}}
{"level":"info","message":"Socket Server opened at port 8001","meta":{"context":"DEFAULT","MODULE_NAME":"SOCKET"}}
{"level":"info","message":"Server is running on port","meta":{"context":"DEFAULT","port":"8000"}}
{"level":"info","message":"Steam logged on","meta":{"context":"DEFAULT","MODULE_NAME":"STEAM","details":{"client_supplied_steamid":"76561198812985971","ip_country_code":"US"}}}
{"level":"info","message":"Logged in steam account","meta":{"context":"DEFAULT","steamId":{"universe":1,"type":1,"instance":1,"accountid":852720243},"MODULE_NAME":"STEAM"}}
{"level":"error","message":"Mongodb connection error = MongoNetworkError: failed to connect to server [cluster0-shard-00-00-o5jum.mongodb.net:27017] on first connect [MongoNetworkError: connection 4 to cluster0-shard-00-00-o5jum.mongodb.net:27017 closed]","meta":{"context":"DEFAULT"}}
{"level":"info","message":"Web Session started","meta":{"context":"DEFAULT","MODULE_NAME":"STEAM"}}
{"level":"info","message":"Establishing mongodb connection...","meta":{"context":"DEFAULT"}}
{"level":"info","message":"Socket Server opened at port 8001","meta":{"context":"DEFAULT","MODULE_NAME":"SOCKET"}}
{"level":"info","message":"Server is running on port","meta":{"context":"DEFAULT","port":"8000"}}
{"level":"info","message":"Steam logged on","meta":{"context":"DEFAULT","MODULE_NAME":"STEAM","details":{"client_supplied_steamid":"76561198812985971","ip_country_code":"US"}}}
{"level":"info","message":"Logged in steam account","meta":{"context":"DEFAULT","steamId":{"universe":1,"type":1,"instance":1,"accountid":852720243},"MODULE_NAME":"STEAM"}}
{"level":"info","message":"Establishing mongodb connection...","meta":{"context":"DEFAULT"}}
{"level":"info","message":"Socket Server opened at port 8001","meta":{"context":"DEFAULT","MODULE_NAME":"SOCKET"}}
{"level":"info","message":"Server is running on port","meta":{"context":"DEFAULT","port":"8000"}}
{"level":"info","message":"Steam logged on","meta":{"context":"DEFAULT","MODULE_NAME":"STEAM","details":{"client_supplied_steamid":"76561198812985971","ip_country_code":"US"}}}
{"level":"info","message":"Logged in steam account","meta":{"context":"DEFAULT","steamId":{"universe":1,"type":1,"instance":1,"accountid":852720243},"MODULE_NAME":"STEAM"}}
{"level":"info","message":"Web Session started","meta":{"context":"DEFAULT","MODULE_NAME":"STEAM"}}
{"level":"error","message":"Mongodb connection error = MongoNetworkError: failed to connect to server [cluster0-shard-00-01-o5jum.mongodb.net:27017] on first connect [MongoNetworkError: connection 5 to cluster0-shard-00-01-o5jum.mongodb.net:27017 closed]","meta":{"context":"DEFAULT"}}
{"level":"info","message":"Establishing mongodb connection...","meta":{"context":"DEFAULT"}}
{"level":"info","message":"Socket Server opened at port 8001","meta":{"context":"DEFAULT","MODULE_NAME":"SOCKET"}}
{"level":"info","message":"Server is running on port","meta":{"context":"DEFAULT","port":"8000"}}
{"level":"info","message":"Steam logged on","meta":{"context":"DEFAULT","MODULE_NAME":"STEAM","details":{"client_supplied_steamid":"76561198812985971","ip_country_code":"US"}}}
{"level":"info","message":"Logged in steam account","meta":{"context":"DEFAULT","steamId":{"universe":1,"type":1,"instance":1,"accountid":852720243},"MODULE_NAME":"STEAM"}}
{"level":"info","message":"Web Session started","meta":{"context":"DEFAULT","MODULE_NAME":"STEAM"}}
{"level":"error","message":"Mongodb connection error = MongoNetworkError: failed to connect to server [cluster0-shard-00-02-o5jum.mongodb.net:27017] on first connect [MongoNetworkError: connection 2 to cluster0-shard-00-02-o5jum.mongodb.net:27017 closed]","meta":{"context":"DEFAULT"}}
{"level":"info","message":"Establishing mongodb connection...","meta":{"context":"DEFAULT"}}
{"level":"info","message":"Socket Server opened at port 8001","meta":{"context":"DEFAULT","MODULE_NAME":"SOCKET"}}
{"level":"info","message":"Server is running on port","meta":{"context":"DEFAULT","port":"8000"}}
{"level":"info","message":"Steam logged on","meta":{"context":"DEFAULT","MODULE_NAME":"STEAM","details":{"client_supplied_steamid":"76561198812985971","ip_country_code":"US"}}}
{"level":"info","message":"Logged in steam account","meta":{"context":"DEFAULT","steamId":{"universe":1,"type":1,"instance":1,"accountid":852720243},"MODULE_NAME":"STEAM"}}
{"level":"info","message":"Web Session started","meta":{"context":"DEFAULT","MODULE_NAME":"STEAM"}}
{"level":"error","message":"Mongodb connection error = MongoNetworkError: failed to connect to server [cluster0-shard-00-00-o5jum.mongodb.net:27017] on first connect [MongoNetworkError: connection 4 to cluster0-shard-00-00-o5jum.mongodb.net:27017 closed]","meta":{"context":"DEFAULT"}}
{"level":"info","message":"Establishing mongodb connection...","meta":{"context":"DEFAULT"}}
{"level":"info","message":"Socket Server opened at port 8001","meta":{"context":"DEFAULT","MODULE_NAME":"SOCKET"}}
{"level":"info","message":"Server is running on port","meta":{"context":"DEFAULT","port":"8000"}}
{"level":"info","message":"Establishing mongodb connection...","meta":{"context":"DEFAULT"}}
{"level":"info","message":"Socket Server opened at port 8001","meta":{"context":"DEFAULT","MODULE_NAME":"SOCKET"}}
{"level":"info","message":"Server is running on port","meta":{"context":"DEFAULT","port":"8000"}}
{"level":"info","message":"Steam logged on","meta":{"context":"DEFAULT","MODULE_NAME":"STEAM","details":{"client_supplied_steamid":"76561198812985971","ip_country_code":"US"}}}
{"level":"info","message":"Logged in steam account","meta":{"context":"DEFAULT","steamId":{"universe":1,"type":1,"instance":1,"accountid":852720243},"MODULE_NAME":"STEAM"}}
{"level":"error","message":"Mongodb connection error = MongoNetworkError: failed to connect to server [cluster0-shard-00-01-o5jum.mongodb.net:27017] on first connect [MongoNetworkError: connection 5 to cluster0-shard-00-01-o5jum.mongodb.net:27017 closed]","meta":{"context":"DEFAULT"}}
{"level":"info","message":"Web Session started","meta":{"context":"DEFAULT","MODULE_NAME":"STEAM"}}
{"level":"info","message":"Establishing mongodb connection...","meta":{"context":"DEFAULT"}}
{"level":"info","message":"Socket Server opened at port 8001","meta":{"context":"DEFAULT","MODULE_NAME":"SOCKET"}}
{"level":"info","message":"Server is running on port","meta":{"context":"DEFAULT","port":"8000"}}
{"level":"info","message":"Establishing mongodb connection...","meta":{"context":"DEFAULT"}}
{"level":"info","message":"Socket Server opened at port 8001","meta":{"context":"DEFAULT","MODULE_NAME":"SOCKET"}}
{"level":"info","message":"Server is running on port","meta":{"context":"DEFAULT","port":"8000"}}
{"level":"info","message":"Steam logged on","meta":{"context":"DEFAULT","MODULE_NAME":"STEAM","details":{"client_supplied_steamid":"76561198812985971","ip_country_code":"US"}}}
{"level":"info","message":"Logged in steam account","meta":{"context":"DEFAULT","steamId":{"universe":1,"type":1,"instance":1,"accountid":852720243},"MODULE_NAME":"STEAM"}}
{"level":"info","message":"Web Session started","meta":{"context":"DEFAULT","MODULE_NAME":"STEAM"}}
{"level":"error","message":"Mongodb connection error = MongoNetworkError: failed to connect to server [cluster0-shard-00-02-o5jum.mongodb.net:27017] on first connect [MongoNetworkError: connection 5 to cluster0-shard-00-02-o5jum.mongodb.net:27017 closed]","meta":{"context":"DEFAULT"}}
{"level":"info","message":"Establishing mongodb connection...","meta":{"context":"DEFAULT"}}
{"level":"info","message":"Socket Server opened at port 8001","meta":{"context":"DEFAULT","MODULE_NAME":"SOCKET"}}
{"level":"info","message":"Server is running on port","meta":{"context":"DEFAULT","port":"8000"}}
{"level":"info","message":"Steam logged on","meta":{"context":"DEFAULT","MODULE_NAME":"STEAM","details":{"client_supplied_steamid":"76561198812985971","ip_country_code":"US"}}}
{"level":"info","message":"Logged in steam account","meta":{"context":"DEFAULT","steamId":{"universe":1,"type":1,"instance":1,"accountid":852720243},"MODULE_NAME":"STEAM"}}
{"level":"info","message":"Establishing mongodb connection...","meta":{"context":"DEFAULT"}}
{"level":"info","message":"Socket Server opened at port 8001","meta":{"context":"DEFAULT","MODULE_NAME":"SOCKET"}}
{"level":"info","message":"Server is running on port","meta":{"context":"DEFAULT","port":"8000"}}
{"level":"info","message":"Steam logged on","meta":{"context":"DEFAULT","MODULE_NAME":"STEAM","details":{"client_supplied_steamid":"76561198812985971","ip_country_code":"US"}}}
{"level":"info","message":"Logged in steam account","meta":{"context":"DEFAULT","steamId":{"universe":1,"type":1,"instance":1,"accountid":852720243},"MODULE_NAME":"STEAM"}}
{"level":"info","message":"Web Session started","meta":{"context":"DEFAULT","MODULE_NAME":"STEAM"}}
{"level":"error","message":"Mongodb connection error = MongoNetworkError: failed to connect to server [cluster0-shard-00-00-o5jum.mongodb.net:27017] on first connect [MongoNetworkError: connection 1 to cluster0-shard-00-00-o5jum.mongodb.net:27017 closed]","meta":{"context":"DEFAULT"}}
{"level":"info","message":"Establishing mongodb connection...","meta":{"context":"DEFAULT"}}
{"level":"info","message":"Socket Server opened at port 8001","meta":{"context":"DEFAULT","MODULE_NAME":"SOCKET"}}
{"level":"info","message":"Server is running on port","meta":{"context":"DEFAULT","port":"8000"}}
{"level":"info","message":"Mongodb connection established","meta":{"context":"DEFAULT"}}
{"level":"info","message":"Establishing mongodb connection...","meta":{"context":"DEFAULT"}}
{"level":"info","message":"Socket Server opened at port 8001","meta":{"context":"DEFAULT","MODULE_NAME":"SOCKET"}}
{"level":"info","message":"Server is running on port","meta":{"context":"DEFAULT","port":"8000"}}
{"level":"info","message":"Steam logged on","meta":{"context":"DEFAULT","MODULE_NAME":"STEAM","details":{"client_supplied_steamid":"76561198812985971","ip_country_code":"US"}}}
{"level":"info","message":"Logged in steam account","meta":{"context":"DEFAULT","steamId":{"universe":1,"type":1,"instance":1,"accountid":852720243},"MODULE_NAME":"STEAM"}}
{"level":"info","message":"Establishing mongodb connection...","meta":{"context":"DEFAULT"}}
{"level":"info","message":"Socket Server opened at port 8001","meta":{"context":"DEFAULT","MODULE_NAME":"SOCKET"}}
{"level":"info","message":"Server is running on port","meta":{"context":"DEFAULT","port":"8000"}}
{"level":"info","message":"Establishing mongodb connection...","meta":{"context":"DEFAULT"}}
{"level":"info","message":"Socket Server opened at port 8001","meta":{"context":"DEFAULT","MODULE_NAME":"SOCKET"}}
{"level":"info","message":"Server is running on port","meta":{"context":"DEFAULT","port":"8000"}}
{"level":"info","message":"Steam logged on","meta":{"context":"DEFAULT","MODULE_NAME":"STEAM","details":{"client_supplied_steamid":"76561198812985971","ip_country_code":"US"}}}
{"level":"info","message":"Logged in steam account","meta":{"context":"DEFAULT","steamId":{"universe":1,"type":1,"instance":1,"accountid":852720243},"MODULE_NAME":"STEAM"}}
{"level":"error","message":"Mongodb connection error = MongoNetworkError: failed to connect to server [cluster0-shard-00-02-o5jum.mongodb.net:27017] on first connect [MongoNetworkError: connection timed out]","meta":{"context":"DEFAULT"}}
{"level":"info","message":"Establishing mongodb connection...","meta":{"context":"DEFAULT"}}
{"level":"info","message":"Socket Server opened at port 8001","meta":{"context":"DEFAULT","MODULE_NAME":"SOCKET"}}
{"level":"info","message":"Server is running on port","meta":{"context":"DEFAULT","port":"8000"}}
{"level":"info","message":"Steam logged on","meta":{"context":"DEFAULT","MODULE_NAME":"STEAM","details":{"client_supplied_steamid":"76561198812985971","ip_country_code":"US"}}}
{"level":"info","message":"Logged in steam account","meta":{"context":"DEFAULT","steamId":{"universe":1,"type":1,"instance":1,"accountid":852720243},"MODULE_NAME":"STEAM"}}
{"level":"error","message":"Mongodb connection error = MongoNetworkError: failed to connect to server [cluster0-shard-00-00-o5jum.mongodb.net:27017] on first connect [MongoNetworkError: connection timed out]","meta":{"context":"DEFAULT"}}
{"level":"info","message":"Establishing mongodb connection...","meta":{"context":"DEFAULT"}}
{"level":"info","message":"Socket Server opened at port 8001","meta":{"context":"DEFAULT","MODULE_NAME":"SOCKET"}}
{"level":"info","message":"Server is running on port","meta":{"context":"DEFAULT","port":"8000"}}
{"level":"info","message":"Steam logged on","meta":{"context":"DEFAULT","MODULE_NAME":"STEAM","details":{"client_supplied_steamid":"76561198812985971","ip_country_code":"US"}}}
{"level":"info","message":"Logged in steam account","meta":{"context":"DEFAULT","steamId":{"universe":1,"type":1,"instance":1,"accountid":852720243},"MODULE_NAME":"STEAM"}}
{"level":"error","message":"Mongodb connection error = MongoNetworkError: failed to connect to server [cluster0-shard-00-02-o5jum.mongodb.net:27017] on first connect [MongoNetworkError: connection timed out]","meta":{"context":"DEFAULT"}}
{"level":"info","message":"Establishing mongodb connection...","meta":{"context":"DEFAULT"}}
{"level":"info","message":"Socket Server opened at port 8001","meta":{"context":"DEFAULT","MODULE_NAME":"SOCKET"}}
{"level":"info","message":"Server is running on port","meta":{"context":"DEFAULT","port":"8000"}}
{"level":"info","message":"Steam logged on","meta":{"context":"DEFAULT","MODULE_NAME":"STEAM","details":{"client_supplied_steamid":"76561198812985971","ip_country_code":"US"}}}
{"level":"info","message":"Logged in steam account","meta":{"context":"DEFAULT","steamId":{"universe":1,"type":1,"instance":1,"accountid":852720243},"MODULE_NAME":"STEAM"}}
{"level":"info","message":"Web Session started","meta":{"context":"DEFAULT","MODULE_NAME":"STEAM"}}
{"level":"error","message":"Mongodb connection error = MongoNetworkError: failed to connect to server [cluster0-shard-00-01-o5jum.mongodb.net:27017] on first connect [MongoNetworkError: connection 4 to cluster0-shard-00-01-o5jum.mongodb.net:27017 closed]","meta":{"context":"DEFAULT"}}
{"level":"info","message":"Establishing mongodb connection...","meta":{"context":"DEFAULT"}}
{"level":"info","message":"Socket Server opened at port 8001","meta":{"context":"DEFAULT","MODULE_NAME":"SOCKET"}}
{"level":"info","message":"Server is running on port","meta":{"context":"DEFAULT","port":"8000"}}
{"level":"info","message":"Steam logged on","meta":{"context":"DEFAULT","MODULE_NAME":"STEAM","details":{"client_supplied_steamid":"76561198812985971","ip_country_code":"US"}}}
{"level":"info","message":"Logged in steam account","meta":{"context":"DEFAULT","steamId":{"universe":1,"type":1,"instance":1,"accountid":852720243},"MODULE_NAME":"STEAM"}}
{"level":"info","message":"Web Session started","meta":{"context":"DEFAULT","MODULE_NAME":"STEAM"}}
{"level":"error","message":"Mongodb connection error = MongoNetworkError: failed to connect to server [cluster0-shard-00-01-o5jum.mongodb.net:27017] on first connect [MongoNetworkError: read ECONNRESET]","meta":{"context":"DEFAULT"}}
