{"level":"info","message":"Client disconnected","meta":{"context":"DEFAULT","MODULE_NAME":"SOCKET","client":"4wfvoJunU9S29oGTAAAB"}}
{"level":"info","message":"Client disconnected","meta":{"context":"DEFAULT","MODULE_NAME":"SOCKET","client":"fxITxh0kUNmO5ojRAAAC"}}
{"level":"info","message":"Client disconnected","meta":{"context":"DEFAULT","MODULE_NAME":"SOCKET","client":"WYBjrMA7iSIm4qVTAAAD"}}
{"level":"info","message":"Client disconnected","meta":{"context":"DEFAULT","MODULE_NAME":"SOCKET","client":"3QKx-NqHmfJdek9_AAAE"}}
{"level":"info","message":"Client disconnected","meta":{"context":"DEFAULT","MODULE_NAME":"SOCKET","client":"yj6Lr_zn-KKaHuz2AAAF"}}
{"level":"info","message":"Client disconnected","meta":{"context":"DEFAULT","MODULE_NAME":"SOCKET","client":"GRFujU6MQE5oP0JcAAAG"}}
{"level":"info","message":"Client disconnected","meta":{"context":"DEFAULT","MODULE_NAME":"SOCKET","client":"5elqlr8_fy5dQV4VAAAH"}}
{"level":"info","message":"Client disconnected","meta":{"context":"DEFAULT","MODULE_NAME":"SOCKET","client":"PSjNXv2VWIRG9D6jAAAI"}}
{"level":"info","message":"Client disconnected","meta":{"context":"DEFAULT","MODULE_NAME":"SOCKET","client":"RQYqARVv9FW0_kFGAAAJ"}}
{"level":"info","message":"Client disconnected","meta":{"context":"DEFAULT","MODULE_NAME":"SOCKET","client":"GdQGVUk4iAJ6v09jAAAK"}}
{"level":"info","message":"Client disconnected","meta":{"context":"DEFAULT","MODULE_NAME":"SOCKET","client":"JNtYclQ4Q81GNwjRAAAL"}}
{"level":"info","message":"Client disconnected","meta":{"context":"DEFAULT","MODULE_NAME":"SOCKET","client":"L0VQSxHYJkXB1iq_AAAM"}}
{"level":"info","message":"Client disconnected","meta":{"context":"DEFAULT","MODULE_NAME":"SOCKET","client":"GrEsHmzX7laVHiDkAAAN"}}
{"level":"info","message":"Establishing mongodb connection...","meta":{"context":"DEFAULT"}}
{"level":"info","message":"Socket Server opened at port 8001","meta":{"context":"DEFAULT","MODULE_NAME":"SOCKET"}}
{"level":"info","message":"Server is running on port","meta":{"context":"DEFAULT","port":"8000"}}
{"level":"info","message":"Mongodb connection established","meta":{"context":"DEFAULT"}}
{"level":"info","message":"Establishing mongodb connection...","meta":{"context":"DEFAULT"}}
{"level":"info","message":"Socket Server opened at port 8001","meta":{"context":"DEFAULT","MODULE_NAME":"SOCKET"}}
{"level":"info","message":"Server is running on port","meta":{"context":"DEFAULT","port":"8000"}}
{"level":"info","message":"Mongodb connection established","meta":{"context":"DEFAULT"}}
{"level":"info","message":"Client disconnected","meta":{"context":"DEFAULT","MODULE_NAME":"SOCKET","client":"TpY7UoF-0PKcu12qAAAA"}}
{"level":"info","message":"Client disconnected","meta":{"context":"DEFAULT","MODULE_NAME":"SOCKET","client":"kopCxhZXUzua97rGAAAB"}}
{"level":"info","message":"Client disconnected","meta":{"context":"DEFAULT","MODULE_NAME":"SOCKET","client":"PeDwjXciefsewn9xAAAC"}}
{"level":"info","message":"Client disconnected","meta":{"context":"DEFAULT","MODULE_NAME":"SOCKET","client":"SiHApAB9qrLm6MSpAAAD"}}
{"level":"info","message":"Establishing mongodb connection...","meta":{"context":"DEFAULT"}}
{"level":"info","message":"Socket Server opened at port 8001","meta":{"context":"DEFAULT","MODULE_NAME":"SOCKET"}}
{"level":"info","message":"Server is running on port","meta":{"context":"DEFAULT","port":"8000"}}
{"level":"info","message":"Mongodb connection established","meta":{"context":"DEFAULT"}}
{"level":"info","message":"Client disconnected","meta":{"context":"DEFAULT","MODULE_NAME":"SOCKET","client":"fbLTPI-8A0RvrXbwAAAA"}}
{"level":"info","message":"Client disconnected","meta":{"context":"DEFAULT","MODULE_NAME":"SOCKET","client":"58OljasMgRpdrXbcAAAB"}}
