{"level":"info","message":"Client disconnected","meta":{"context":"DEFAULT","MODULE_NAME":"SOCKET","client":"Z9dWQsLInXU42v9WAAAv"}}
{"level":"info","message":"Client disconnected","meta":{"context":"DEFAULT","MODULE_NAME":"SOCKET","client":"SxEqYeyY_aHK7u8yAAAw"}}
{"level":"info","message":"Client disconnected","meta":{"context":"DEFAULT","MODULE_NAME":"SOCKET","client":"9K2kc8QU0ChaWsg8AAAx"}}
{"level":"info","message":"Client disconnected","meta":{"context":"DEFAULT","MODULE_NAME":"SOCKET","client":"f5guvXl0XtIlMlf4AAAy"}}
{"level":"info","message":"Client disconnected","meta":{"context":"DEFAULT","MODULE_NAME":"SOCKET","client":"JRRiINUaK4fQFK6mAAAz"}}
{"level":"info","message":"Client disconnected","meta":{"context":"DEFAULT","MODULE_NAME":"SOCKET","client":"cM0rbCROmAQPOxwUAAA0"}}
{"level":"info","message":"Client disconnected","meta":{"context":"DEFAULT","MODULE_NAME":"SOCKET","client":"4rq_CbcJ5w-thKO0AAA1"}}
{"level":"info","message":"Client disconnected","meta":{"context":"DEFAULT","MODULE_NAME":"SOCKET","client":"HuRCjBcx2l64qI5IAAA2"}}
{"level":"info","message":"Client disconnected","meta":{"context":"DEFAULT","MODULE_NAME":"SOCKET","client":"kD_QsrE5VTGaVG99AAA3"}}
{"level":"info","message":"Client disconnected","meta":{"context":"DEFAULT","MODULE_NAME":"SOCKET","client":"pitBSKrbSqG72g_iAAA4"}}
{"level":"info","message":"Client disconnected","meta":{"context":"DEFAULT","MODULE_NAME":"SOCKET","client":"r-jPhX9Pp_Ih4IZ5AAA5"}}
{"level":"info","message":"Client disconnected","meta":{"context":"DEFAULT","MODULE_NAME":"SOCKET","client":"3uGKbuLbZep_PW5BAAA6"}}
{"level":"info","message":"Client disconnected","meta":{"context":"DEFAULT","MODULE_NAME":"SOCKET","client":"IHd7nd9a1Ciq9sREAAA7"}}
{"level":"info","message":"Client disconnected","meta":{"context":"DEFAULT","MODULE_NAME":"SOCKET","client":"Gn7Rf5HxT9FB5QANAAA8"}}
{"level":"info","message":"Client disconnected","meta":{"context":"DEFAULT","MODULE_NAME":"SOCKET","client":"6Ma2O7tuxJHi8PSsAAA9"}}
{"level":"info","message":"Client disconnected","meta":{"context":"DEFAULT","MODULE_NAME":"SOCKET","client":"oO1ukN8ySegsG1GRAAA-"}}
{"level":"info","message":"Client disconnected","meta":{"context":"DEFAULT","MODULE_NAME":"SOCKET","client":"Y3NALEf3TKohdZ6iAAA_"}}
{"level":"info","message":"Client disconnected","meta":{"context":"DEFAULT","MODULE_NAME":"SOCKET","client":"-YefcmsT9Hgv8nFAAABA"}}
{"level":"info","message":"Client disconnected","meta":{"context":"DEFAULT","MODULE_NAME":"SOCKET","client":"0wlRqYUcD7pa2vzPAABB"}}
{"level":"info","message":"Client disconnected","meta":{"context":"DEFAULT","MODULE_NAME":"SOCKET","client":"gO0DzbIJbONRRHpcAABC"}}
{"level":"info","message":"Client disconnected","meta":{"context":"DEFAULT","MODULE_NAME":"SOCKET","client":"3zfY4jfgxsup1OwMAABD"}}
{"level":"info","message":"Client disconnected","meta":{"context":"DEFAULT","MODULE_NAME":"SOCKET","client":"Y6SPHydOOJJc-EZTAABE"}}
{"level":"info","message":"Client disconnected","meta":{"context":"DEFAULT","MODULE_NAME":"SOCKET","client":"nLRi62Q0dtNBUulzAABF"}}
{"level":"info","message":"Client disconnected","meta":{"context":"DEFAULT","MODULE_NAME":"SOCKET","client":"PPPdclUplkvJyzAzAABG"}}
{"level":"info","message":"Client disconnected","meta":{"context":"DEFAULT","MODULE_NAME":"SOCKET","client":"vGHkBjJ3aS65dI3dAABH"}}
{"level":"info","message":"Client disconnected","meta":{"context":"DEFAULT","MODULE_NAME":"SOCKET","client":"K3u3pDW6tyHd4NneAABI"}}
{"level":"info","message":"Client disconnected","meta":{"context":"DEFAULT","MODULE_NAME":"SOCKET","client":"gsZ8xDccauJQFd0CAABJ"}}
{"level":"info","message":"Disable users","meta":{"context":"DEFAULT","userIds":[],"MODULE_NAME":"USER_UPDATE"}}
{"level":"info","message":"Disable users","meta":{"context":"DEFAULT","userIds":[],"MODULE_NAME":"USER_UPDATE"}}
{"level":"info","message":"Disable users","meta":{"context":"DEFAULT","userIds":[],"MODULE_NAME":"USER_UPDATE"}}
{"level":"info","message":"Disable users","meta":{"context":"DEFAULT","userIds":[],"MODULE_NAME":"USER_UPDATE"}}
{"level":"info","message":"Disable users","meta":{"context":"DEFAULT","userIds":[],"MODULE_NAME":"USER_UPDATE"}}
{"level":"info","message":"Disable users","meta":{"context":"DEFAULT","userIds":[],"MODULE_NAME":"USER_UPDATE"}}
{"level":"info","message":"Disable users","meta":{"context":"DEFAULT","userIds":[],"MODULE_NAME":"USER_UPDATE"}}
{"level":"info","message":"Disable users","meta":{"context":"DEFAULT","userIds":[],"MODULE_NAME":"USER_UPDATE"}}
{"level":"info","message":"Disable users","meta":{"context":"DEFAULT","userIds":[],"MODULE_NAME":"USER_UPDATE"}}
{"level":"info","message":"Disable users","meta":{"context":"DEFAULT","userIds":[],"MODULE_NAME":"USER_UPDATE"}}
{"level":"info","message":"Disable users","meta":{"context":"DEFAULT","userIds":[],"MODULE_NAME":"USER_UPDATE"}}
{"level":"info","message":"Disable users","meta":{"context":"DEFAULT","userIds":[],"MODULE_NAME":"USER_UPDATE"}}
{"level":"info","message":"Disable users","meta":{"context":"DEFAULT","userIds":[],"MODULE_NAME":"USER_UPDATE"}}
{"level":"info","message":"Disable users","meta":{"context":"DEFAULT","userIds":[],"MODULE_NAME":"USER_UPDATE"}}
{"level":"info","message":"Client disconnected","meta":{"context":"DEFAULT","MODULE_NAME":"SOCKET","client":"KL6yD3Wfl9BgEa2MAABK"}}
{"level":"info","message":"Client disconnected","meta":{"context":"DEFAULT","MODULE_NAME":"SOCKET","client":"RIgtQzLO5eOBtPyFAABL"}}
{"level":"info","message":"Client disconnected","meta":{"context":"DEFAULT","MODULE_NAME":"SOCKET","client":"oo3DGFUptqiGj-9nAABM"}}
{"level":"info","message":"Client disconnected","meta":{"context":"DEFAULT","MODULE_NAME":"SOCKET","client":"D6BpuuIASj0TwXPdAABN"}}
{"level":"info","message":"Client disconnected","meta":{"context":"DEFAULT","MODULE_NAME":"SOCKET","client":"gl7CMXdlqhgRxsspAABO"}}
{"level":"info","message":"Client disconnected","meta":{"context":"DEFAULT","MODULE_NAME":"SOCKET","client":"5difKYpOoxyQj432AABP"}}
{"level":"info","message":"Disable users","meta":{"context":"DEFAULT","userIds":["5d3f4d2fa43af777c0546d6d"],"MODULE_NAME":"USER_UPDATE"}}
{"level":"info","message":"Disable users","meta":{"context":"DEFAULT","userIds":["5d3f4d2fa43af777c0546d6d"],"MODULE_NAME":"USER_UPDATE"}}
{"level":"info","message":"Client disconnected","meta":{"context":"DEFAULT","MODULE_NAME":"SOCKET","client":"YSWAuQiEsdLVKSNjAABQ"}}
{"level":"info","message":"Disable users","meta":{"context":"DEFAULT","userIds":["5dccf7020edb2b2475c54c6a"],"MODULE_NAME":"USER_UPDATE"}}
{"level":"info","message":"Client disconnected","meta":{"context":"DEFAULT","MODULE_NAME":"SOCKET","client":"eWUlsSxwmJhNV7LQAABR"}}
{"level":"info","message":"Disable users","meta":{"context":"DEFAULT","userIds":["5dccf7020edb2b2475c54c6a"],"MODULE_NAME":"USER_UPDATE"}}
{"level":"info","message":"Disable users","meta":{"context":"DEFAULT","userIds":["5dccf7020edb2b2475c54c6a"],"MODULE_NAME":"USER_UPDATE"}}
{"level":"info","message":"Disable users","meta":{"context":"DEFAULT","userIds":["5e3b738aa84daa2a5620d0b9"],"MODULE_NAME":"USER_UPDATE"}}
{"level":"info","message":"Client disconnected","meta":{"context":"DEFAULT","MODULE_NAME":"SOCKET","client":"QLfjmp0geVDI0SzjAABS"}}
