{"level":"info","message":"Establishing mongodb connection...","meta":{"context":"DEFAULT"}}
{"level":"info","message":"Socket Server opened at port 8001","meta":{"context":"DEFAULT","MODULE_NAME":"SOCKET"}}
{"level":"info","message":"Server is running on port","meta":{"context":"DEFAULT","port":"8000"}}
{"level":"info","message":"Mongodb connection established","meta":{"context":"DEFAULT"}}
{"level":"info","message":"Establishing mongodb connection...","meta":{"context":"DEFAULT"}}
{"level":"info","message":"Socket Server opened at port 8001","meta":{"context":"DEFAULT","MODULE_NAME":"SOCKET"}}
{"level":"info","message":"Server is running on port","meta":{"context":"DEFAULT","port":"8000"}}
{"level":"info","message":"Mongodb connection established","meta":{"context":"DEFAULT"}}
{"level":"info","message":"Establishing mongodb connection...","meta":{"context":"DEFAULT"}}
{"level":"info","message":"Socket Server opened at port 8001","meta":{"context":"DEFAULT","MODULE_NAME":"SOCKET"}}
{"level":"info","message":"Server is running on port","meta":{"context":"DEFAULT","port":"8000"}}
{"level":"info","message":"Mongodb connection established","meta":{"context":"DEFAULT"}}
{"level":"info","message":"Client disconnected","meta":{"context":"DEFAULT","MODULE_NAME":"SOCKET","client":"O6IbMS2KPmCGuZlqAAAA"}}
{"level":"info","message":"Establishing mongodb connection...","meta":{"context":"DEFAULT"}}
{"level":"info","message":"Socket Server opened at port 8001","meta":{"context":"DEFAULT","MODULE_NAME":"SOCKET"}}
{"level":"info","message":"Server is running on port","meta":{"context":"DEFAULT","port":"8000"}}
{"level":"info","message":"Mongodb connection established","meta":{"context":"DEFAULT"}}
{"level":"info","message":"Establishing mongodb connection...","meta":{"context":"DEFAULT"}}
{"level":"info","message":"Socket Server opened at port 8001","meta":{"context":"DEFAULT","MODULE_NAME":"SOCKET"}}
{"level":"info","message":"Server is running on port","meta":{"context":"DEFAULT","port":"8000"}}
{"level":"info","message":"Mongodb connection established","meta":{"context":"DEFAULT"}}
{"level":"info","message":"Establishing mongodb connection...","meta":{"context":"DEFAULT"}}
{"level":"info","message":"Socket Server opened at port 8001","meta":{"context":"DEFAULT","MODULE_NAME":"SOCKET"}}
{"level":"info","message":"Server is running on port","meta":{"context":"DEFAULT","port":"8000"}}
{"level":"info","message":"Mongodb connection established","meta":{"context":"DEFAULT"}}
{"level":"info","message":"Establishing mongodb connection...","meta":{"context":"DEFAULT"}}
{"level":"info","message":"Socket Server opened at port 8001","meta":{"context":"DEFAULT","MODULE_NAME":"SOCKET"}}
{"level":"info","message":"Server is running on port","meta":{"context":"DEFAULT","port":"8000"}}
{"level":"info","message":"Mongodb connection established","meta":{"context":"DEFAULT"}}
{"level":"info","message":"Establishing mongodb connection...","meta":{"context":"DEFAULT"}}
{"level":"info","message":"Socket Server opened at port 8001","meta":{"context":"DEFAULT","MODULE_NAME":"SOCKET"}}
{"level":"info","message":"Server is running on port","meta":{"context":"DEFAULT","port":"8000"}}
{"level":"info","message":"Mongodb connection established","meta":{"context":"DEFAULT"}}
{"level":"info","message":"Establishing mongodb connection...","meta":{"context":"DEFAULT"}}
{"level":"info","message":"Socket Server opened at port 8001","meta":{"context":"DEFAULT","MODULE_NAME":"SOCKET"}}
{"level":"info","message":"Server is running on port","meta":{"context":"DEFAULT","port":"8000"}}
{"level":"info","message":"Mongodb connection established","meta":{"context":"DEFAULT"}}
{"level":"info","message":"Establishing mongodb connection...","meta":{"context":"DEFAULT"}}
{"level":"info","message":"Socket Server opened at port 8001","meta":{"context":"DEFAULT","MODULE_NAME":"SOCKET"}}
{"level":"info","message":"Server is running on port","meta":{"context":"DEFAULT","port":"8000"}}
{"level":"info","message":"Mongodb connection established","meta":{"context":"DEFAULT"}}
{"level":"info","message":"Establishing mongodb connection...","meta":{"context":"DEFAULT"}}
{"level":"info","message":"Socket Server opened at port 8001","meta":{"context":"DEFAULT","MODULE_NAME":"SOCKET"}}
{"level":"info","message":"Server is running on port","meta":{"context":"DEFAULT","port":"8000"}}
{"level":"info","message":"Mongodb connection established","meta":{"context":"DEFAULT"}}
{"level":"info","message":"Client disconnected","meta":{"context":"DEFAULT","MODULE_NAME":"SOCKET","client":"rWDAbOJZXjTpTClVAAAA"}}
{"level":"info","message":"Client disconnected","meta":{"context":"DEFAULT","MODULE_NAME":"SOCKET","client":"Z1hPpsB593dEKXQ2AAAB"}}
{"level":"info","message":"Client disconnected","meta":{"context":"DEFAULT","MODULE_NAME":"SOCKET","client":"LoCyZmWWdyjW-mEvAAAC"}}
{"level":"info","message":"Establishing mongodb connection...","meta":{"context":"DEFAULT"}}
{"level":"info","message":"Socket Server opened at port 8001","meta":{"context":"DEFAULT","MODULE_NAME":"SOCKET"}}
{"level":"info","message":"Server is running on port","meta":{"context":"DEFAULT","port":"8000"}}
{"level":"info","message":"Mongodb connection established","meta":{"context":"DEFAULT"}}
{"level":"info","message":"Client disconnected","meta":{"context":"DEFAULT","MODULE_NAME":"SOCKET","client":"yLfV29cnphGQyWZPAAAA"}}
{"level":"info","message":"Client disconnected","meta":{"context":"DEFAULT","MODULE_NAME":"SOCKET","client":"6PyzBi-9T5jqWdUuAAAB"}}
{"level":"info","message":"Client disconnected","meta":{"context":"DEFAULT","MODULE_NAME":"SOCKET","client":"0sZ6A2PgEgWhRj4UAAAC"}}
{"level":"info","message":"Client disconnected","meta":{"context":"DEFAULT","MODULE_NAME":"SOCKET","client":"pFfChJM75VatRMRGAAAD"}}
{"level":"info","message":"Client disconnected","meta":{"context":"DEFAULT","MODULE_NAME":"SOCKET","client":"476Qn_9r0zJo7jJBAAAE"}}
{"level":"info","message":"Client disconnected","meta":{"context":"DEFAULT","MODULE_NAME":"SOCKET","client":"ur7ND9U19mi5_8DSAAAF"}}
{"level":"info","message":"Client disconnected","meta":{"context":"DEFAULT","MODULE_NAME":"SOCKET","client":"eZHgVnFeE6r5nNvhAAAG"}}
{"level":"info","message":"Client disconnected","meta":{"context":"DEFAULT","MODULE_NAME":"SOCKET","client":"6KZj5S7fNqSogRLjAAAH"}}
{"level":"info","message":"Client disconnected","meta":{"context":"DEFAULT","MODULE_NAME":"SOCKET","client":"bzo8EFSgzuQOGQecAAAI"}}
{"level":"info","message":"Client disconnected","meta":{"context":"DEFAULT","MODULE_NAME":"SOCKET","client":"HSAg4ehASYPBrLmEAAAJ"}}
{"level":"info","message":"Client disconnected","meta":{"context":"DEFAULT","MODULE_NAME":"SOCKET","client":"Dh96x0wK5mFsmcJjAAAK"}}
{"level":"info","message":"Establishing mongodb connection...","meta":{"context":"DEFAULT"}}
{"level":"info","message":"Socket Server opened at port 8001","meta":{"context":"DEFAULT","MODULE_NAME":"SOCKET"}}
{"level":"info","message":"Server is running on port","meta":{"context":"DEFAULT","port":"8000"}}
{"level":"info","message":"Mongodb connection established","meta":{"context":"DEFAULT"}}
{"level":"info","message":"Client disconnected","meta":{"context":"DEFAULT","MODULE_NAME":"SOCKET","client":"pV9H3XEPmiX31_XLAAAA"}}
{"level":"info","message":"Client disconnected","meta":{"context":"DEFAULT","MODULE_NAME":"SOCKET","client":"9-1VdN1c7Wg_6-Z_AAAB"}}
{"level":"info","message":"Client disconnected","meta":{"context":"DEFAULT","MODULE_NAME":"SOCKET","client":"fqh5VdCPTSM7F_HeAAAC"}}
{"level":"info","message":"Client disconnected","meta":{"context":"DEFAULT","MODULE_NAME":"SOCKET","client":"0ii38QPRxjhqfheXAAAD"}}
{"level":"info","message":"Client disconnected","meta":{"context":"DEFAULT","MODULE_NAME":"SOCKET","client":"wnXn310Bhpt7AwlUAAAE"}}
{"level":"info","message":"Client disconnected","meta":{"context":"DEFAULT","MODULE_NAME":"SOCKET","client":"Q7KIq_VpMXC42V1UAAAF"}}
{"level":"info","message":"Client disconnected","meta":{"context":"DEFAULT","MODULE_NAME":"SOCKET","client":"eklSfhzdgndsp5SsAAAG"}}
{"level":"info","message":"Client disconnected","meta":{"context":"DEFAULT","MODULE_NAME":"SOCKET","client":"ypkOYRBnyft6zdqKAAAH"}}
{"level":"info","message":"Client disconnected","meta":{"context":"DEFAULT","MODULE_NAME":"SOCKET","client":"SUENKWVEhMShly-8AAAI"}}
{"level":"info","message":"Client disconnected","meta":{"context":"DEFAULT","MODULE_NAME":"SOCKET","client":"s7vd5tk-_XtXnwZCAAAJ"}}
{"level":"info","message":"Client disconnected","meta":{"context":"DEFAULT","MODULE_NAME":"SOCKET","client":"9NA41pco3uRWkYLGAAAK"}}
{"level":"info","message":"Client disconnected","meta":{"context":"DEFAULT","MODULE_NAME":"SOCKET","client":"TMTLi1Yqi31wJLmbAAAL"}}
{"level":"info","message":"Client disconnected","meta":{"context":"DEFAULT","MODULE_NAME":"SOCKET","client":"jSQlmN_tbyseSQfVAAAM"}}
{"level":"info","message":"Internal Server Error","meta":{"context":"DEFAULT","error":{"name":"BadRequest","status":400}}}
{"level":"info","message":"Internal Server Error","meta":{"context":"DEFAULT","error":{"name":"BadRequest","status":400}}}
{"level":"info","message":"Client disconnected","meta":{"context":"DEFAULT","MODULE_NAME":"SOCKET","client":"3JuKEpS0o2gHd9agAAAN"}}
{"level":"info","message":"Client disconnected","meta":{"context":"DEFAULT","MODULE_NAME":"SOCKET","client":"om8Y1v6qLt_kbQiMAAAO"}}
{"level":"info","message":"Client disconnected","meta":{"context":"DEFAULT","MODULE_NAME":"SOCKET","client":"jy9lpRGkFIFRvGjTAAAP"}}
{"level":"info","message":"Client disconnected","meta":{"context":"DEFAULT","MODULE_NAME":"SOCKET","client":"wqJTSB5PjWpcHf8mAAAQ"}}
