{"level":"info","message":"Client disconnected","meta":{"context":"DEFAULT","MODULE_NAME":"SOCKET","client":"zz-Byop7H2jao0V1AAAC"}}
{"level":"info","message":"Client disconnected","meta":{"context":"DEFAULT","MODULE_NAME":"SOCKET","client":"iKkbaI0DH7h4S9uNAAAD"}}
{"level":"info","message":"Establishing mongodb connection...","meta":{"context":"DEFAULT"}}
{"level":"info","message":"Socket Server opened at port 8001","meta":{"context":"DEFAULT","MODULE_NAME":"SOCKET"}}
{"level":"info","message":"Server is running on port","meta":{"context":"DEFAULT","port":"8000"}}
{"level":"info","message":"Mongodb connection established","meta":{"context":"DEFAULT"}}
{"level":"info","message":"Establishing mongodb connection...","meta":{"context":"DEFAULT"}}
{"level":"info","message":"Socket Server opened at port 8001","meta":{"context":"DEFAULT","MODULE_NAME":"SOCKET"}}
{"level":"info","message":"Server is running on port","meta":{"context":"DEFAULT","port":"8000"}}
{"level":"info","message":"Mongodb connection established","meta":{"context":"DEFAULT"}}
{"level":"info","message":"Establishing mongodb connection...","meta":{"context":"DEFAULT"}}
{"level":"info","message":"Socket Server opened at port 8001","meta":{"context":"DEFAULT","MODULE_NAME":"SOCKET"}}
{"level":"info","message":"Server is running on port","meta":{"context":"DEFAULT","port":"8000"}}
{"level":"info","message":"Mongodb connection established","meta":{"context":"DEFAULT"}}
{"level":"info","message":"Establishing mongodb connection...","meta":{"context":"DEFAULT"}}
{"level":"info","message":"Socket Server opened at port 8001","meta":{"context":"DEFAULT","MODULE_NAME":"SOCKET"}}
{"level":"info","message":"Server is running on port","meta":{"context":"DEFAULT","port":"8000"}}
{"level":"info","message":"Mongodb connection established","meta":{"context":"DEFAULT"}}
{"level":"info","message":"Establishing mongodb connection...","meta":{"context":"DEFAULT"}}
{"level":"info","message":"Socket Server opened at port 8001","meta":{"context":"DEFAULT","MODULE_NAME":"SOCKET"}}
{"level":"info","message":"Server is running on port","meta":{"context":"DEFAULT","port":"8000"}}
{"level":"info","message":"Mongodb connection established","meta":{"context":"DEFAULT"}}
{"level":"info","message":"Establishing mongodb connection...","meta":{"context":"DEFAULT"}}
{"level":"info","message":"Socket Server opened at port 8001","meta":{"context":"DEFAULT","MODULE_NAME":"SOCKET"}}
{"level":"info","message":"Server is running on port","meta":{"context":"DEFAULT","port":"8000"}}
{"level":"info","message":"Mongodb connection established","meta":{"context":"DEFAULT"}}
{"level":"info","message":"Establishing mongodb connection...","meta":{"context":"DEFAULT"}}
{"level":"info","message":"Socket Server opened at port 8001","meta":{"context":"DEFAULT","MODULE_NAME":"SOCKET"}}
{"level":"info","message":"Server is running on port","meta":{"context":"DEFAULT","port":"8000"}}
{"level":"info","message":"Mongodb connection established","meta":{"context":"DEFAULT"}}
{"level":"info","message":"Establishing mongodb connection...","meta":{"context":"DEFAULT"}}
{"level":"info","message":"Socket Server opened at port 8001","meta":{"context":"DEFAULT","MODULE_NAME":"SOCKET"}}
{"level":"info","message":"Server is running on port","meta":{"context":"DEFAULT","port":"8000"}}
{"level":"info","message":"Mongodb connection established","meta":{"context":"DEFAULT"}}
{"level":"info","message":"Establishing mongodb connection...","meta":{"context":"DEFAULT"}}
{"level":"info","message":"Socket Server opened at port 8001","meta":{"context":"DEFAULT","MODULE_NAME":"SOCKET"}}
{"level":"info","message":"Server is running on port","meta":{"context":"DEFAULT","port":"8000"}}
{"level":"info","message":"Mongodb connection established","meta":{"context":"DEFAULT"}}
{"level":"info","message":"Establishing mongodb connection...","meta":{"context":"DEFAULT"}}
{"level":"info","message":"Socket Server opened at port 8001","meta":{"context":"DEFAULT","MODULE_NAME":"SOCKET"}}
{"level":"info","message":"Server is running on port","meta":{"context":"DEFAULT","port":"8000"}}
{"level":"info","message":"Mongodb connection established","meta":{"context":"DEFAULT"}}
{"level":"info","message":"Client disconnected","meta":{"context":"DEFAULT","MODULE_NAME":"SOCKET","client":"QuM_y1wAaSUA6ECpAAAA"}}
{"level":"info","message":"Client disconnected","meta":{"context":"DEFAULT","MODULE_NAME":"SOCKET","client":"1S1xdqdmWmW4RZJQAAAB"}}
{"level":"info","message":"Client disconnected","meta":{"context":"DEFAULT","MODULE_NAME":"SOCKET","client":"rLTvVlmbEOaSQ3sxAAAC"}}
{"level":"info","message":"Client disconnected","meta":{"context":"DEFAULT","MODULE_NAME":"SOCKET","client":"r6ByJWZ-QNPMsq4CAAAD"}}
{"level":"info","message":"Client disconnected","meta":{"context":"DEFAULT","MODULE_NAME":"SOCKET","client":"odZuxdQWt90ooOi2AAAE"}}
{"level":"info","message":"Client disconnected","meta":{"context":"DEFAULT","MODULE_NAME":"SOCKET","client":"F1LhyGRsZAWUC36cAAAF"}}
{"level":"info","message":"Client disconnected","meta":{"context":"DEFAULT","MODULE_NAME":"SOCKET","client":"zeqgowZAoVgw_m9FAAAG"}}
{"level":"info","message":"Client disconnected","meta":{"context":"DEFAULT","MODULE_NAME":"SOCKET","client":"9La0M7hYps2N3nrLAAAH"}}
{"level":"info","message":"Client disconnected","meta":{"context":"DEFAULT","MODULE_NAME":"SOCKET","client":"o8BsAurfPdmbVfDFAAAI"}}
{"level":"info","message":"Client disconnected","meta":{"context":"DEFAULT","MODULE_NAME":"SOCKET","client":"XJbHOoFU7sWBYt2_AAAJ"}}
{"level":"info","message":"Client disconnected","meta":{"context":"DEFAULT","MODULE_NAME":"SOCKET","client":"gEXI9FXqWjl_WA04AAAK"}}
{"level":"info","message":"Client disconnected","meta":{"context":"DEFAULT","MODULE_NAME":"SOCKET","client":"ncD98v0oVi0zrxBcAAAL"}}
{"level":"info","message":"Client disconnected","meta":{"context":"DEFAULT","MODULE_NAME":"SOCKET","client":"3cOKUnV3os-XrEcHAAAM"}}
{"level":"info","message":"Client disconnected","meta":{"context":"DEFAULT","MODULE_NAME":"SOCKET","client":"ib8qzid_Zi1cGeSeAAAN"}}
{"level":"info","message":"Client disconnected","meta":{"context":"DEFAULT","MODULE_NAME":"SOCKET","client":"b_MyvXL2hEkZ4qAAAAAO"}}
{"level":"info","message":"Client disconnected","meta":{"context":"DEFAULT","MODULE_NAME":"SOCKET","client":"iZ_w3Dp6qyZkNSOdAAAP"}}
{"level":"info","message":"Client disconnected","meta":{"context":"DEFAULT","MODULE_NAME":"SOCKET","client":"P2CRHKR4iN5J-_MrAAAQ"}}
{"level":"info","message":"Client disconnected","meta":{"context":"DEFAULT","MODULE_NAME":"SOCKET","client":"ayTeL2GFJbQGc75MAAAR"}}
{"level":"info","message":"Client disconnected","meta":{"context":"DEFAULT","MODULE_NAME":"SOCKET","client":"dqpU3TBoTxwkI5lSAAAS"}}
{"level":"info","message":"Client disconnected","meta":{"context":"DEFAULT","MODULE_NAME":"SOCKET","client":"BwlDL3RIpOLArKLrAAAT"}}
